00000 0
00000 3
00000 6
00000 9
00000 12
00000 15
00000 18
00000 21
00000 24
00000 27
00000 30
00000 33
00000 36
00000 39
00000 42
00000 45
00000 48
00000 51
00000 54
00000 57
00000 60
00000 63
00000 66
00000 69
00000 72
00000 75
00000 78
00000 81
00000 84
00000 87
00000 90
00000 93
00000 96
00000 99
00000 102
00000 105
00000 108
00000 111
00000 114
00000 117
00000 120
00000 123
00000 126
00000 129
00000 132
00000 135
00000 138
00000 141
00000 144
00000 147
00000 150
00000 153
00000 156
00000 159
00000 162
00000 165
00000 168
00000 171
00000 174
00000 177
00000 180
00000 183
00000 186
00000 189
00000 192
00000 195
00000 198
00000 251
00000 254
00000 257
00000 260
00000 263
00000 266
00000 269
00000 272
00000 275
00000 278
00000 281
00000 284
00000 287
00000 290
00000 293
00000 296
00000 299
00000 352
00000 355
00000 358
00000 361
00000 364
00000 367
00000 370
00000 373
00000 376
00000 379
00000 382
00000 385
00000 388
00000 391
00000 394
00000 397
00000 400
00000 403
00000 406
00000 409
00000 412
00000 415
00000 418
00000 421
00000 424
00000 427
00000 430
00000 433
00000 436
00000 439
00000 442
00000 445
00000 448
00000 451
00000 454
00000 457
00000 460
00000 463
00000 466
00000 469
00000 472
00000 475
00000 478
00000 481
00000 484
00000 487
00000 490
00000 493
00000 496
00000 499
00000 502
00000 505
00000 508
00000 511
00000 514
00000 517
00000 520
00000 523
00000 526
00000 529
00000 532
00000 535
00000 538
00000 541
00000 544
00000 547
00000 550
00000 553
00000 556
00000 559
00000 562
00000 565
00000 568
00000 571
00000 574
00000 577
00000 580
00000 583
00000 586
00000 589
00000 592
00000 595
00000 598
00000 601
00000 604
00000 607
00000 610
00000 613
00000 616
00000 619
00000 622
00000 625
00000 628
00000 631
00000 634
00000 637
00000 640
00000 643
00000 646
00000 649
00000 652
00000 655
00000 658
00000 661
00000 664
00000 667
00000 670
00000 673
00000 676
00000 679
00000 682
00000 685
00000 688
00000 691
00000 694
00000 697
00000 700
00000 703
00000 706
00000 709
00000 712
00000 715
00000 718
00000 721
00000 724
00000 727
00000 730
00000 733
00000 736
00000 739
00000 742
00000 745
00000 748
00000 751
00000 754
00000 757
00000 760
00000 763
00000 766
00000 769
00000 772
00000 775
00000 778
00000 781
00000 784
00000 787
00000 790
00000 793
00000 796
00000 799
00000 802
00000 805
00000 808
00000 811
00000 814
00000 817
00000 820
00000 823
00000 826
00000 829
00000 832
00000 835
00000 838
00000 841
00000 844
00000 847
00000 850
00000 853
00000 856
00000 859
00000 862
00000 865
00000 868
00000 871
00000 874
00000 877
00000 880
00000 883
00000 886
00000 889
00000 892
00000 895
00000 898
00000 951
00000 954
00000 957
00000 960
00000 963
00000 966
00000 969
00000 972
00000 975
00000 978
00000 981
00000 984
00000 987
00000 990
00000 993
00000 996
00000 999
00000 1052
00000 1055
00000 1058
00000 1061
00000 1064
00000 1067
00000 1070
00000 1073
00000 1076
00000 1079
00000 1082
00000 1085
00000 1088
00000 1091
00000 1094
00000 1097
00000 1100
00000 1103
00000 1106
00000 1109
00000 1112
00000 1115
00000 1118
00000 1121
00000 1124
00000 1127
00000 1130
00000 1133
00000 1136
00000 1139
00000 1142
00000 1145
00000 1148
00000 1151
00000 1154
00000 1157
00000 1160
00000 1163
00000 1166
00000 1169
00000 1172
00000 1175
00000 1178
00000 1181
00000 1184
00000 1187
00000 1190
00000 1193
00000 1196
00000 1199
00000 1252
00000 1255
00000 1258
00000 1261
00000 1264
00000 1267
00000 1270
00000 1273
00000 1276
00000 1279
00000 1282
00000 1285
00000 1288
00000 1291
00000 1294
00000 1297
00000 1300
00000 1303
00000 1306
00000 1309
00000 1312
00000 1315
00000 1318
00000 1321
00000 1324
00000 1327
00000 1330
00000 1333
00000 1336
00000 1339
00000 1342
00000 1345
00000 1348
00000 1351
00000 1354
00000 1357
00000 1360
00000 1363
00000 1366
00000 1369
00000 1372
00000 1375
00000 1378
00000 1381
00000 1384
00000 1387
00000 1390
00000 1393
00000 1396
00000 1399
00000 1452
00000 1455
00000 1458
00000 1461
00000 1464
00000 1467
00000 1470
00000 1473
00000 1476
00000 1479
00000 1482
00000 1485
00000 1488
00000 1491
00000 1494
00000 1497
00000 1600
00000 1603
00000 1606
00000 1609
00000 1612
00000 1615
00000 1618
00000 1621
00000 1624
00000 1627
00000 1630
00000 1633
00000 1636
00000 1639
00000 1642
00000 1645
00000 1648
00000 1701
00000 1704
00000 1707
00000 1710
00000 1713
00000 1716
00000 1719
00000 1722
00000 1725
00000 1728
00000 1731
00000 1734
00000 1737
00000 1740
00000 1743
00000 1746
00000 1749
00000 1752
00000 1755
00000 1758
00000 1761
00000 1764
00000 1767
00000 1770
00000 1773
00000 1776
00000 1779
00000 1782
00000 1785
00000 1788
00000 1791
00000 1794
00000 1797
00000 1850
00000 1853
00000 1856
00000 1859
00000 1862
00000 1865
00000 1868
00000 1871
00000 1874
00000 1877
00000 1880
00000 1883
00000 1886
00000 1889
00000 1892
00000 1895
00000 1898
00000 1951
00000 1954
00000 1957
00000 1960
00000 1963
00000 1966
00000 1969
00000 1972
00000 1975
00000 1978
00000 1981
00000 1984
00000 1987
00000 1990
00000 1993
00000 1996
00000 1999
00000 2052
00000 2055
00000 2058
00000 2061
00000 2064
00000 2067
00000 2070
00000 2073
00000 2076
00000 2079
00000 2082
00000 2085
00000 2088
00000 2091
00000 2094
00000 2097
00000 2100
00000 2103
00000 2106
00000 2109
00000 2112
00000 2115
00000 2118
00000 2121
00000 2124
00000 2127
00000 2130
00000 2133
00000 2136
00000 2139
00000 2142
00000 2145
00000 2148
00000 2151
00000 2154
00000 2157
00000 2160
00000 2163
00000 2166
00000 2169
00000 2172
00000 2175
00000 2178
00000 2181
00000 2184
00000 2187
00000 2190
00000 2193
00000 2196
00000 2199
00000 2202
00000 2205
00000 2208
00000 2211
00000 2214
00000 2217
00000 2220
00000 2223
00000 2226
00000 2229
00000 2232
00000 2235
00000 2238
00000 2241
00000 2244
00000 2247
00000 2250
00000 2253
00000 2256
00000 2259
00000 2262
00000 2265
00000 2268
00000 2271
00000 2274
00000 2277
00000 2280
00000 2283
00000 2286
00000 2289
00000 2292
00000 2295
00000 2298
00000 2301
00000 2304
00000 2307
00000 2310
00000 2313
00000 2316
00000 2319
00000 2322
00000 2325
00000 2328
00000 2331
00000 2334
00000 2337
00000 2340
00000 2343
00000 2346
00000 2349
00000 2352
00000 2355
00000 2358
00000 2361
00000 2364
00000 2367
00000 2370
00000 2373
00000 2376
00000 2379
00000 2382
00000 2385
00000 2388
00000 2391
00000 2394
00000 2397
00000 2400
00000 2403
00000 2406
00000 2409
00000 2412
00000 2415
00000 2418
00000 2421
00000 2424
00000 2427
00000 2430
00000 2433
00000 2436
00000 2439
00000 2442
00000 2445
00000 2448
00000 2451
00000 2454
00000 2457
00000 2460
00000 2463
00000 2466
00000 2469
00000 2472
00000 2475
00000 2478
00000 2481
00000 2484
00000 2487
00000 2490
00000 2493
00000 2496
00000 2499
00000 2502
00000 2505
00000 2508
00000 2511
00000 2514
00000 2517
00000 2520
00000 2523
00000 2526
00000 2529
00000 2532
00000 2535
00000 2538
00000 2541
00000 2544
00000 2547
00000 2550
00000 2553
00000 2556
00000 2559
00000 2562
00000 2565
00000 2568
00000 2571
00000 2574
00000 2577
00000 2580
00000 2583
00000 2586
00000 2589
00000 2592
00000 2595
00000 2598
00000 2601
00000 2604
00000 2607
00000 2610
00000 2613
00000 2616
00000 2619
00000 2622
00000 2625
00000 2628
00000 2631
00000 2634
00000 2637
00000 2640
00000 2643
00000 2646
00000 2649
00000 2702
00000 2705
00000 2708
00000 2711
00000 2714
00000 2717
00000 2720
00000 2723
00000 2726
00000 2729
00000 2732
00000 2735
00000 2738
00000 2741
00000 2744
00000 2747
00000 2750
00000 2753
00000 2756
00000 2759
00000 2762
00000 2765
00000 2768
00000 2771
00000 2774
00000 2777
00000 2780
00000 2783
00000 2786
00000 2789
00000 2792
00000 2795
00000 2798
00000 2801
00000 2804
00000 2807
00000 2810
00000 2813
00000 2816
00000 2819
00000 2822
00000 2825
00000 2828
00000 2831
00000 2834
00000 2837
00000 2840
00000 2843
00000 2846
00001 2
00001 5
00001 8
00001 11
00001 14
00001 17
00001 20
00001 23
00001 26
00001 29
00001 32
00001 35
00001 38
00001 41
00001 44
00001 47
00001 50
00001 53
00001 56
00001 59
00001 62
00001 65
00001 68
00001 71
00001 74
00001 77
00001 80
00001 83
00001 86
00001 89
00001 92
00001 95
00001 98
00001 101
00001 104
00001 107
00001 110
00001 113
00001 116
00001 119
00001 122
00001 125
00001 128
00001 131
00001 134
00001 137
00001 140
00001 143
00001 146
00001 149
00001 152
00001 155
00001 158
00001 161
00001 164
00001 167
00001 170
00001 173
00001 176
00001 179
00001 182
00001 185
00001 188
00001 191
00001 194
00001 197
00001 250
00001 253
00001 256
00001 259
00001 262
00001 265
00001 268
00001 271
00001 274
00001 277
00001 280
00001 283
00001 286
00001 289
00001 292
00001 295
00001 298
00001 351
00001 354
00001 357
00001 360
00001 363
00001 366
00001 369
00001 372
00001 375
00001 378
00001 381
00001 384
00001 387
00001 390
00001 393
00001 396
00001 399
00001 402
00001 405
00001 408
00001 411
00001 414
00001 417
00001 420
00001 423
00001 426
00001 429
00001 432
00001 435
00001 438
00001 441
00001 444
00001 447
00001 450
00001 453
00001 456
00001 459
00001 462
00001 465
00001 468
00001 471
00001 474
00001 477
00001 480
00001 483
00001 486
00001 489
00001 492
00001 495
00001 498
00001 501
00001 504
00001 507
00001 510
00001 513
00001 516
00001 519
00001 522
00001 525
00001 528
00001 531
00001 534
00001 537
00001 540
00001 543
00001 546
00001 549
00001 552
00001 555
00001 558
00001 561
00001 564
00001 567
00001 570
00001 573
00001 576
00001 579
00001 582
00001 585
00001 588
00001 591
00001 594
00001 597
00001 600
00001 603
00001 606
00001 609
00001 612
00001 615
00001 618
00001 621
00001 624
00001 627
00001 630
00001 633
00001 636
00001 639
00001 642
00001 645
00001 648
00001 651
00001 654
00001 657
00001 660
00001 663
00001 666
00001 669
00001 672
00001 675
00001 678
00001 681
00001 684
00001 687
00001 690
00001 693
00001 696
00001 699
00001 702
00001 705
00001 708
00001 711
00001 714
00001 717
00001 720
00001 723
00001 726
00001 729
00001 732
00001 735
00001 738
00001 741
00001 744
00001 747
00001 750
00001 753
00001 756
00001 759
00001 762
00001 765
00001 768
00001 771
00001 774
00001 777
00001 780
00001 783
00001 786
00001 789
00001 792
00001 795
00001 798
00001 801
00001 804
00001 807
00001 810
00001 813
00001 816
00001 819
00001 822
00001 825
00001 828
00001 831
00001 834
00001 837
00001 840
00001 843
00001 846
00001 849
00001 852
00001 855
00001 858
00001 861
00001 864
00001 867
00001 870
00001 873
00001 876
00001 879
00001 882
00001 885
00001 888
00001 891
00001 894
00001 897
00001 950
00001 953
00001 956
00001 959
00001 962
00001 965
00001 968
00001 971
00001 974
00001 977
00001 980
00001 983
00001 986
00001 989
00001 992
00001 995
00001 998
00001 1051
00001 1054
00001 1057
00001 1060
00001 1063
00001 1066
00001 1069
00001 1072
00001 1075
00001 1078
00001 1081
00001 1084
00001 1087
00001 1090
00001 1093
00001 1096
00001 1099
00001 1102
00001 1105
00001 1108
00001 1111
00001 1114
00001 1117
00001 1120
00001 1123
00001 1126
00001 1129
00001 1132
00001 1135
00001 1138
00001 1141
00001 1144
00001 1147
00001 1150
00001 1153
00001 1156
00001 1159
00001 1162
00001 1165
00001 1168
00001 1171
00001 1174
00001 1177
00001 1180
00001 1183
00001 1186
00001 1189
00001 1192
00001 1195
00001 1198
00001 1251
00001 1254
00001 1257
00001 1260
00001 1263
00001 1266
00001 1269
00001 1272
00001 1275
00001 1278
00001 1281
00001 1284
00001 1287
00001 1290
00001 1293
00001 1296
00001 1299
00001 1302
00001 1305
00001 1308
00001 1311
00001 1314
00001 1317
00001 1320
00001 1323
00001 1326
00001 1329
00001 1332
00001 1335
00001 1338
00001 1341
00001 1344
00001 1347
00001 1350
00001 1353
00001 1356
00001 1359
00001 1362
00001 1365
00001 1368
00001 1371
00001 1374
00001 1377
00001 1380
00001 1383
00001 1386
00001 1389
00001 1392
00001 1395
00001 1398
00001 1451
00001 1454
00001 1457
00001 1460
00001 1463
00001 1466
00001 1469
00001 1472
00001 1475
00001 1478
00001 1481
00001 1484
00001 1487
00001 1490
00001 1493
00001 1496
00001 1499
00001 1602
00001 1605
00001 1608
00001 1611
00001 1614
00001 1617
00001 1620
00001 1623
00001 1626
00001 1629
00001 1632
00001 1635
00001 1638
00001 1641
00001 1644
00001 1647
00001 1700
00001 1703
00001 1706
00001 1709
00001 1712
00001 1715
00001 1718
00001 1721
00001 1724
00001 1727
00001 1730
00001 1733
00001 1736
00001 1739
00001 1742
00001 1745
00001 1748
00001 1751
00001 1754
00001 1757
00001 1760
00001 1763
00001 1766
00001 1769
00001 1772
00001 1775
00001 1778
00001 1781
00001 1784
00001 1787
00001 1790
00001 1793
00001 1796
00001 1799
00001 1852
00001 1855
00001 1858
00001 1861
00001 1864
00001 1867
00001 1870
00001 1873
00001 1876
00001 1879
00001 1882
00001 1885
00001 1888
00001 1891
00001 1894
00001 1897
00001 1950
00001 1953
00001 1956
00001 1959
00001 1962
00001 1965
00001 1968
00001 1971
00001 1974
00001 1977
00001 1980
00001 1983
00001 1986
00001 1989
00001 1992
00001 1995
00001 1998
00001 2051
00001 2054
00001 2057
00001 2060
00001 2063
00001 2066
00001 2069
00001 2072
00001 2075
00001 2078
00001 2081
00001 2084
00001 2087
00001 2090
00001 2093
00001 2096
00001 2099
00001 2102
00001 2105
00001 2108
00001 2111
00001 2114
00001 2117
00001 2120
00001 2123
00001 2126
00001 2129
00001 2132
00001 2135
00001 2138
00001 2141
00001 2144
00001 2147
00001 2150
00001 2153
00001 2156
00001 2159
00001 2162
00001 2165
00001 2168
00001 2171
00001 2174
00001 2177
00001 2180
00001 2183
00001 2186
00001 2189
00001 2192
00001 2195
00001 2198
00001 2201
00001 2204
00001 2207
00001 2210
00001 2213
00001 2216
00001 2219
00001 2222
00001 2225
00001 2228
00001 2231
00001 2234
00001 2237
00001 2240
00001 2243
00001 2246
00001 2249
00001 2252
00001 2255
00001 2258
00001 2261
00001 2264
00001 2267
00001 2270
00001 2273
00001 2276
00001 2279
00001 2282
00001 2285
00001 2288
00001 2291
00001 2294
00001 2297
00001 2300
00001 2303
00001 2306
00001 2309
00001 2312
00001 2315
00001 2318
00002 2
00002 5
00002 8
00002 11
00002 14
00002 17
00002 20
00002 23
00002 26
00002 29
00002 32
00002 35
00002 38
00002 41
00002 44
00002 47
00002 50
00002 53
00002 56
00002 59
00002 62
00002 65
00002 68
00002 71
00002 74
00002 77
00002 80
00002 83
00002 86
00002 89
00002 92
00002 95
00002 98
00002 101
00002 104
00002 107
00002 110
00002 113
00002 116
00002 119
00002 122
00002 125
00002 128
00002 131
00002 134
00002 137
00002 140
00002 143
00002 146
00002 149
00002 152
00002 155
00002 158
00002 161
00002 164
00002 167
00002 170
00002 173
00002 176
00002 179
00002 182
00002 185
00002 188
00002 191
00002 194
00002 197
00002 250
00002 253
00002 256
00002 259
00002 262
00002 265
00002 268
00002 271
00002 274
00002 277
00002 280
00002 283
00002 286
00002 289
00002 292
00002 295
00002 298
00002 351
00002 354
00002 357
00002 360
00002 363
00002 366
00002 369
00002 372
00002 375
00002 378
00002 381
00002 384
00002 387
00002 390
00002 393
00002 396
00002 399
00002 402
00002 405
00002 408
00002 411
00002 414
00002 417
00002 420
00002 423
00002 426
00002 429
00002 432
00002 435
00002 438
00002 441
00002 444
00002 447
00002 450
00002 453
00002 456
00002 459
00002 462
00002 465
00002 468
00002 471
00002 474
00002 477
00002 480
00002 483
00002 486
00002 489
00002 492
00002 495
00002 498
00002 501
00002 504
00002 507
00002 510
00002 513
00002 516
00002 519
00002 522
00002 525
00002 528
00002 531
00002 534
00002 537
00002 540
00002 543
00002 546
00002 549
00002 552
00002 555
00002 558
00002 561
00002 564
00002 567
00002 570
00002 573
00002 576
00002 579
00002 582
00002 585
00002 588
00002 591
00002 594
00002 597
00002 600
00002 603
00002 606
00002 609
00002 612
00002 615
00002 618
00002 621
00002 624
00002 627
00002 630
00002 633
00002 636
00002 639
00002 642
00002 645
00002 648
00002 651
00002 654
00002 657
00002 660
00002 663
00002 666
00002 669
00002 672
00002 675
00002 678
00002 681
00002 684
00002 687
00002 690
00002 693
00002 696
00002 699
00002 702
00002 705
00002 708
00002 711
00002 714
00002 717
00002 720
00002 723
00002 726
00002 729
00002 732
00002 735
00002 738
00002 741
00002 744
00002 747
00002 750
00002 753
00002 756
00002 759
00002 762
00002 765
00002 768
00002 771
00002 774
00002 777
00002 780
00002 783
00002 786
00002 789
00002 792
00002 795
00002 798
00002 801
00002 804
00002 807
00002 810
00002 813
00002 816
00002 819
00002 822
00002 825
00002 828
00002 831
00002 834
00002 837
00002 840
00002 843
00002 846
00002 849
00002 852
00002 855
00002 858
00002 861
00002 864
00002 867
00002 870
00002 873
00002 876
00002 879
00002 882
00002 885
00002 888
00002 891
00002 894
00002 897
00002 950
00002 953
00002 956
00002 959
00002 962
00002 965
00002 968
00002 971
00002 974
00002 977
00002 980
00002 983
00002 986
00002 989
00002 992
00002 995
00002 998
00002 1051
00002 1054
00002 1057
00002 1060
00002 1063
00002 1066
00002 1069
00002 1072
00002 1075
00002 1078
00002 1081
00002 1084
00002 1087
00002 1090
00002 1093
00002 1096
00002 1099
00002 1102
00002 1105
00002 1108
00002 1111
00002 1114
00002 1117
00002 1120
00002 1123
00002 1126
00002 1129
00002 1132
00002 1135
00002 1138
00002 1141
00002 1144
00002 1147
00002 1150
00002 1153
00002 1156
00002 1159
00002 1162
00002 1165
00002 1168
00002 1171
00002 1174
00002 1177
00002 1180
00002 1183
00002 1186
00002 1189
00002 1192
00002 1195
00002 1198
00002 1251
00002 1254
00002 1257
00002 1260
00002 1263
00002 1266
00002 1269
00002 1272
00002 1275
00002 1278
00002 1281
00002 1284
00002 1287
00002 1290
00002 1293
00002 1296
00002 1299
00002 1302
00002 1305
00002 1308
00002 1311
00002 1314
00002 1317
00002 1320
00002 1323
00002 1326
00002 1329
00002 1332
00002 1335
00002 1338
00002 1341
00002 1344
00002 1347
00002 1350
00002 1353
00002 1356
00002 1359
00002 1362
00002 1365
00002 1368
00002 1371
00002 1374
00002 1377
00002 1380
00002 1383
00002 1386
00002 1389
00002 1392
00002 1395
00002 1398
00002 1451
00002 1454
00002 1457
00002 1460
00002 1463
00002 1466
00002 1469
00002 1472
00002 1475
00002 1478
00002 1481
00002 1484
00002 1487
00002 1490
00002 1493
00002 1496
00002 1499
00002 1602
00002 1605
00002 1608
00002 1611
00002 1614
00002 1617
00002 1620
00002 1623
00002 1626
00002 1629
00002 1632
00002 1635
00002 1638
00002 1641
00002 1644
00002 1647
00002 1700
00002 1703
00002 1706
00002 1709
00002 1712
00002 1715
00002 1718
00002 1721
00002 1724
00002 1727
00002 1730
00002 1733
00002 1736
00002 1739
00002 1742
00002 1745
00002 1748
00002 1751
00002 1754
00002 1757
00002 1760
00002 1763
00002 1766
00002 1769
00002 1772
00002 1775
00002 1778
00002 1781
00002 1784
00002 1787
00002 1790
00002 1793
00002 1796
00002 1799
00002 1852
00002 1855
00002 1858
00002 1861
00002 1864
00002 1867
00002 1870
00002 1873
00002 1876
00002 1879
00002 1882
00002 1885
00002 1888
00002 1891
00002 1894
00002 1897
00002 1950
00002 1953
00002 1956
00002 1959
00002 1962
00002 1965
00002 1968
00002 1971
00002 1974
00002 1977
00002 1980
00002 1983
00002 1986
00002 1989
00002 1992
00002 1995
00002 1998
00002 2051
00002 2054
00002 2057
00002 2060
00002 2063
00002 2066
00002 2069
00002 2072
00002 2075
00002 2078
00002 2081
00002 2084
00002 2087
00002 2090
00002 2093
00002 2096
00002 2099
00002 2102
00002 2105
00002 2108
00002 2111
00002 2114
00002 2117
00002 2120
00002 2123
00002 2126
00002 2129
00002 2132
00002 2135
00002 2138
00002 2141
00002 2144
00002 2147
00002 2150
00002 2153
00002 2156
00002 2159
00002 2162
00002 2165
00002 2168
00002 2171
00002 2174
00002 2177
00002 2180
00002 2183
00002 2186
00002 2189
00002 2192
00002 2195
00002 2198
00002 2201
00002 2204
00002 2207
00002 2210
00002 2213
00002 2216
00002 2219
00002 2222
00002 2225
00002 2228
00002 2231
00002 2234
00002 2237
00002 2240
00002 2243
00002 2246
00002 2249
00002 2252
00002 2255
00002 2258
00002 2261
00002 2264
00002 2267
00002 2270
00002 2273
00002 2276
00002 2279
00002 2282
00002 2285
00002 2288
00002 2291
00002 2294
00002 2297
00002 2300
00002 2303
00002 2306
00002 2309
00002 2312
00002 2315
00002 2318
00002 2321
00002 2324
00002 2327
00002 2330
00002 2333
00002 2336
00002 2339
00002 2342
00002 2345
00002 2348
00002 2351
00002 2354
00002 2357
00002 2360
00002 2363
00002 2366
00002 2369
00002 2372
00002 2375
00002 2378
00002 2381
00002 2384
00002 2387
00002 2390
00002 2393
00002 2396
00002 2399
00002 2402
00002 2405
00002 2408
00002 2411
00002 2414
00002 2417
00002 2420
00002 2423
00002 2426
00002 2429
00002 2432
00002 2435
00002 2438
00002 2441
00002 2444
00002 2447
00002 2450
00002 2453
00002 2456
00002 2459
00002 2462
00002 2465
00002 2468
00002 2471
00002 2474
00002 2477
00002 2480
00002 2483
00002 2486
00002 2489
00002 2492
00002 2495
00002 2498
00002 2501
00002 2504
00002 2507
00002 2510
00002 2513
00002 2516
00002 2519
00002 2522
00002 2525
00002 2528
00002 2531
00002 2534
00002 2537
00002 2540
00002 2543
00002 2546
00002 2549
00002 2552
00002 2555
00002 2558
00002 2561
00002 2564
00002 2567
00002 2570
00002 2573
00002 2576
00002 2579
00002 2582
00002 2585
00002 2588
00002 2591
00002 2594
00002 2597
00002 2600
00002 2603
00002 2606
00002 2609
00002 2612
00002 2615
00002 2618
00002 2621
00002 2624
00002 2627
00002 2630
00002 2633
00002 2636
00002 2639
00002 2642
00002 2645
00002 2648
00002 2701
00002 2704
00002 2707
00002 2710
00002 2713
00002 2716
00002 2719
00002 2722
00002 2725
00002 2728
00002 2731
00002 2734
00002 2737
00002 2740
00002 2743
00002 2746
00002 2749
00002 2752
00002 2755
00002 2758
00002 2761
00002 2764
00002 2767
00002 2770
00002 2773
00002 2776
00002 2779
00002 2782
00002 2785
00002 2788
00002 2791
00002 2794
00002 2797
00002 2800
00002 2803
00002 2806
00002 2809
00002 2812
00002 2815
00002 2818
00002 2821
00002 2824
00002 2827
00002 2830
00002 2833
00002 2836
00002 2839
00002 2842
00002 2845
00002 2848
00002 2901
00002 2904
00002 2907
00002 2910
00002 2913
00002 2916
00002 2919
00002 2922
00002 2925
00002 2928
00002 2931
00002 2934
00002 2937
00002 2940
00002 2943
00002 2946
00002 2949
00002 2952
00002 2955
00002 2958
00002 2961
00002 2964
00002 2967
00002 2970
00002 2973
00002 2976
00002 2979
00002 2982
00002 2985
00002 2988
00002 2991
00002 2994
00002 2997
00002 3050
00002 3053
00002 3056
00002 3059
00002 3062
00002 3065
00002 3068
00002 3071
00002 3074
00002 3077
00002 3080
00002 3083
00002 3086
00002 3089
00002 3092
00002 3095
00002 3098
00002 3101
00002 3104
00002 3107
00002 3110
00002 3113
00002 3116
00002 3119
00002 3122
00002 3125
00002 3128
00002 3131
00002 3134
00002 3137
00002 3140
00002 3143
00002 3146
00002 3149
00002 3152
00002 3155
00002 3158
00002 3161
00002 3164
00002 3167
00002 3170
00002 3173
00002 3176
00002 3179
00002 3182
00002 3185
00002 3188
00002 3191
00002 3194
00002 3197
00002 3300
00002 3303
00002 3306
00002 3309
00002 3312
00002 3315
00002 3318
00002 3321
00002 3324
00002 3327
00002 3330
00002 3333
00002 3336
00002 3339
00002 3342
00002 3345
00002 3348
00002 3351
00002 3354
00002 3357
00002 3360
00002 3363
00002 3366
00002 3369
00002 3372
00002 3375
00002 3378
00002 3381
00002 3384
00002 3387
00002 3390
00002 3393
00002 3396
00002 3399
00002 3402
00002 3405
00002 3408
00002 3411
00002 3414
00002 3417
00002 3420
00002 3423
00002 3426
00002 3429
00002 3432
00002 3435
00002 3438
00002 3441
00002 3444
00002 3447
00002 3450
00002 3453
00002 3456
00002 3459
00002 3462
00002 3465
00002 3468
00002 3471
00002 3474
00002 3477
00002 3480
00002 3483
00002 3486
00002 3489
00002 3492
00002 3495
00002 3498
00002 3501
00002 3504
00002 3507
00002 3510
00002 3513
00002 3516
00002 3519
00002 3522
00002 3525
00002 3528
00002 3531
00002 3534
00002 3537
00002 3540
00002 3543
00002 3546
00002 3549
00002 3652
00002 3655
00002 3658
00002 3661
00002 3664
00002 3667
00002 3670
00002 3673
00002 3676
00002 3679
00002 3682
00002 3685
00002 3688
00002 3691
00002 3694
00002 3697
00002 3700
00002 3703
00002 3706
00002 3709
00002 3712
00002 3715
00002 3718
00002 3721
00002 3724
00002 3727
00002 3730
00002 3733
00002 3736
00002 3739
00002 3742
00002 3745
00002 3748
00002 3751
00002 3754
00002 3757
00002 3760
00002 3763
00002 3766
00002 3769
00002 3772
00002 3775
00002 3778
00002 3781
00002 3784
00002 3787
00002 3790
00002 3793
00002 3796
00002 3799
00002 3852
00002 3855
00002 3858
00002 3861
00002 3864
00002 3867
00002 3870
00002 3873
00002 3876
00002 3879
00002 3882
00002 3885
00002 3888
00002 3891
00002 3894
00002 3897
00002 3900
00002 3903
00002 3906
00002 3909
00002 3912
00002 3915
00002 3918
00002 3921
00002 3924
00002 3927
00002 3930
00002 3933
00002 3936
00002 3939
00002 3942
00002 3945
00002 3948
00002 3951
00002 3954
00002 3957
00002 3960
00002 3963
00002 3966
00002 3969
00002 3972
00002 3975
00002 3978
00002 3981
00002 3984
00002 3987
00002 3990
00002 3993
00002 3996
00002 3999
00002 4002
00002 4005
00002 4008
00002 4011
00002 4014
00002 4017
00002 4020
00002 4023
00002 4026
00002 4029
00002 4032
00002 4035
00002 4038
00002 4041
00002 4044
00002 4047
00002 4050
00002 4053
00002 4056
00002 4059
00002 4062
00002 4065
00002 4068
00002 4071
00002 4074
00002 4077
00002 4080
00002 4083
00002 4086
00002 4089
00002 4092
00002 4095
00002 4098
00002 4101
00002 4104
00002 4107
00002 4110
00002 4113
00002 4116
00002 4119
00002 4122
00002 4125
00002 4128
00002 4131
00002 4134
00002 4137
00002 4140
00002 4143
00002 4146
00003 2
00003 5
00003 8
00003 11
00003 14
00003 17
00003 20
00003 23
00003 26
00003 29
00003 32
00003 35
00003 38
00003 41
00003 44
00003 47
00003 50
00003 53
00003 56
00003 59
00003 62
00003 65
00003 68
00003 71
00003 74
00003 77
00003 80
00003 83
00003 86
00003 89
00003 92
00003 95
00003 98
00003 101
00003 104
00003 107
00003 110
00003 113
00003 116
00003 119
00003 122
00003 125
00003 128
00003 131
00003 134
00003 137
00003 140
00003 143
00003 146
00003 149
00003 152
00003 155
00003 158
00003 161
00003 164
00003 167
00003 170
00003 173
00003 176
00003 179
00003 182
00003 185
00003 188
00003 191
00003 194
00003 197
00003 250
00003 253
00003 256
00003 259
00003 262
00003 265
00003 268
00003 271
00003 274
00003 277
00003 280
00003 283
00003 286
00003 289
00003 292
00003 295
00003 298
00003 351
00003 354
00003 357
00003 360
00003 363
00003 366
00003 369
00003 372
00003 375
00003 378
00003 381
00003 384
00003 387
00003 390
00003 393
00003 396
00003 399
00003 402
00003 405
00003 408
00003 411
00003 414
00003 417
00003 420
00003 423
00003 426
00003 429
00003 432
00003 435
00003 438
00003 441
00003 444
00003 447
00003 450
00003 453
00003 456
00003 459
00003 462
00003 465
00003 468
00003 471
00003 474
00003 477
00003 480
00003 483
00003 486
00003 489
00003 492
00003 495
00003 498
00003 501
00003 504
00003 507
00003 510
00003 513
00003 516
00003 519
00003 522
00003 525
00003 528
00003 531
00003 534
00003 537
00003 540
00003 543
00003 546
00003 549
00003 552
00003 555
00003 558
00003 561
00003 564
00003 567
00003 570
00003 573
00003 576
00003 579
00003 582
00003 585
00003 588
00003 591
00003 594
00003 597
00003 600
00003 603
00003 606
00003 609
00003 612
00003 615
00003 618
00003 621
00003 624
00003 627
00003 630
00003 633
00003 636
00003 639
00003 642
00003 645
00003 648
00003 651
00003 654
00003 657
00003 660
00003 663
00003 666
00003 669
00003 672
00003 675
00003 678
00003 681
00003 684
00003 687
00003 690
00003 693
00003 696
00003 699
00003 702
00003 705
00003 708
00003 711
00003 714
00003 717
00003 720
00003 723
00003 726
00003 729
00003 732
00003 735
00003 738
00003 741
00003 744
00003 747
00003 750
00003 753
00003 756
00003 759
00003 762
00003 765
00003 768
00003 771
00003 774
00003 777
00003 780
00003 783
00003 786
00003 789
00003 792
00003 795
00003 798
00003 801
00003 804
00003 807
00003 810
00003 813
00003 816
00003 819
00003 822
00003 825
00003 828
00003 831
00003 834
00003 837
00003 840
00003 843
00003 846
00003 849
00003 852
00003 855
00003 858
00003 861
00003 864
00003 867
00003 870
00003 873
00003 876
00003 879
00003 882
00003 885
00003 888
00003 891
00003 894
00003 897
00003 950
00003 953
00003 956
00003 959
00003 962
00003 965
00003 968
00003 971
00003 974
00003 977
00003 980
00003 983
00003 986
00003 989
00003 992
00003 995
00003 998
00003 1051
00003 1054
00003 1057
00003 1060
00003 1063
00003 1066
00003 1069
00003 1072
00003 1075
00003 1078
00003 1081
00003 1084
00003 1087
00003 1090
00003 1093
00003 1096
00003 1099
00003 1102
00003 1105
00003 1108
00003 1111
00003 1114
00003 1117
00003 1120
00003 1123
00003 1126
00003 1129
00003 1132
00003 1135
00003 1138
00003 1141
00003 1144
00003 1147
00003 1150
00003 1153
00003 1156
00003 1159
00003 1162
00003 1165
00003 1168
00003 1171
00003 1174
00003 1177
00003 1180
00003 1183
00003 1186
00003 1189
00003 1192
00003 1195
00003 1198
00003 1251
00003 1254
00003 1257
00003 1260
00003 1263
00003 1266
00003 1269
00003 1272
00003 1275
00003 1278
00003 1281
00003 1284
00003 1287
00003 1290
00003 1293
00003 1296
00003 1299
00003 1302
00003 1305
00003 1308
00003 1311
00003 1314
00003 1317
00003 1320
00003 1323
00003 1326
00003 1329
00003 1332
00003 1335
00003 1338
00003 1341
00003 1344
00003 1347
00003 1350
00003 1353
00003 1356
00003 1359
00003 1362
00003 1365
00003 1368
00003 1371
00003 1374
00003 1377
00003 1380
00003 1383
00003 1386
00003 1389
00003 1392
00003 1395
00003 1398
00003 1451
00003 1454
00003 1457
00003 1460
00003 1463
00003 1466
00003 1469
00003 1472
00003 1475
00003 1478
00003 1481
00003 1484
00003 1487
00003 1490
00003 1493
00003 1496
00003 1499
00003 1602
00003 1605
00003 1608
00003 1611
00003 1614
00003 1617
00003 1620
00003 1623
00003 1626
00003 1629
00003 1632
00003 1635
00003 1638
00003 1641
00003 1644
00003 1647
00003 1700
00003 1703
00003 1706
00003 1709
00003 1712
00003 1715
00003 1718
00003 1721
00003 1724
00003 1727
00003 1730
00003 1733
00003 1736
00003 1739
00003 1742
00003 1745
00003 1748
00003 1751
00003 1754
00003 1757
00003 1760
00003 1763
00003 1766
00003 1769
00003 1772
00003 1775
00003 1778
00003 1781
00003 1784
00003 1787
00003 1790
00003 1793
00003 1796
00003 1799
00003 1852
00003 1855
00003 1858
00003 1861
00003 1864
00003 1867
00003 1870
00003 1873
00003 1876
00003 1879
00003 1882
00003 1885
00003 1888
00003 1891
00003 1894
00003 1897
00003 1950
00003 1953
00003 1956
00003 1959
00003 1962
00003 1965
00003 1968
00003 1971
00003 1974
00003 1977
00003 1980
00003 1983
00003 1986
00003 1989
00003 1992
00003 1995
00003 1998
00003 2051
00003 2054
00003 2057
00003 2060
00003 2063
00003 2066
00003 2069
00003 2072
00003 2075
00003 2078
00003 2081
00003 2084
00003 2087
00003 2090
00003 2093
00003 2096
00003 2099
00003 2102
00003 2105
00003 2108
00003 2111
00003 2114
00003 2117
00003 2120
00003 2123
00003 2126
00003 2129
00003 2132
00003 2135
00003 2138
00003 2141
00003 2144
00003 2147
00003 2150
00003 2153
00003 2156
00003 2159
00003 2162
00003 2165
00003 2168
00003 2171
00003 2174
00003 2177
00003 2180
00003 2183
00004 2
00004 5
00004 8
00004 11
00004 14
00004 17
00004 20
00004 23
00004 26
00004 29
00004 32
00004 35
00004 38
00004 41
00004 44
00004 47
00004 50
00004 53
00004 56
00004 59
00004 62
00004 65
00004 68
00004 71
00004 74
00004 77
00004 80
00004 83
00004 86
00004 89
00004 92
00004 95
00004 98
00004 101
00004 104
00004 107
00004 110
00004 113
00004 116
00004 119
00004 122
00004 125
00004 128
00004 131
00004 134
00004 137
00004 140
00004 143
00004 146
00004 149
00004 152
00004 155
00004 158
00004 161
00004 164
00004 167
00004 170
00004 173
00004 176
00004 179
00004 182
00004 185
00004 188
00004 191
00004 194
00004 197
00004 250
00004 253
00004 256
00004 259
00004 262
00004 265
00004 268
00004 271
00004 274
00004 277
00004 280
00004 283
00004 286
00004 289
00004 292
00004 295
00004 298
00004 351
00004 354
00004 357
00004 360
00004 363
00004 366
00004 369
00004 372
00004 375
00004 378
00004 381
00004 384
00004 387
00004 390
00004 393
00004 396
00004 399
00004 402
00004 405
00004 408
00004 411
00004 414
00004 417
00004 420
00004 423
00004 426
00004 429
00004 432
00004 435
00004 438
00004 441
00004 444
00004 447
00004 450
00004 453
00004 456
00004 459
00004 462
00004 465
00004 468
00004 471
00004 474
00004 477
00004 480
00004 483
00004 486
00004 489
00004 492
00004 495
00004 498
00004 501
00004 504
00004 507
00004 510
00004 513
00004 516
00004 519
00004 522
00004 525
00004 528
00004 531
00004 534
00004 537
00004 540
00004 543
00004 546
00004 549
00004 552
00004 555
00004 558
00004 561
00004 564
00004 567
00004 570
00004 573
00004 576
00004 579
00004 582
00004 585
00004 588
00004 591
00004 594
00004 597
00004 600
00004 603
00004 606
00004 609
00004 612
00004 615
00004 618
00004 621
00004 624
00004 627
00004 630
00004 633
00004 636
00004 639
00004 642
00004 645
00004 648
00004 651
00004 654
00004 657
00004 660
00004 663
00004 666
00004 669
00004 672
00004 675
00004 678
00004 681
00004 684
00004 687
00004 690
00004 693
00004 696
00004 699
00004 702
00004 705
00004 708
00004 711
00004 714
00004 717
00004 720
00004 723
00004 726
00004 729
00004 732
00004 735
00004 738
00004 741
00004 744
00004 747
00004 750
00004 753
00004 756
00004 759
00004 762
00004 765
00004 768
00004 771
00004 774
00004 777
00004 780
00004 783
00004 786
00004 789
00004 792
00004 795
00004 798
00004 801
00004 804
00004 807
00004 810
00004 813
00004 816
00004 819
00004 822
00004 825
00004 828
00004 831
00004 834
00004 837
00004 840
00004 843
00004 846
00004 849
00004 852
00004 855
00004 858
00004 861
00004 864
00004 867
00004 870
00004 873
00004 876
00004 879
00004 882
00004 885
00004 888
00004 891
00004 894
00004 897
00004 950
00004 953
00004 956
00004 959
00004 962
00004 965
00004 968
00004 971
00004 974
00004 977
00004 980
00004 983
00004 986
00004 989
00004 992
00004 995
00004 998
00004 1051
00004 1054
00004 1057
00004 1060
00004 1063
00004 1066
00004 1069
00004 1072
00004 1075
00004 1078
00004 1081
00004 1084
00004 1087
00004 1090
00004 1093
00004 1096
00004 1099
00004 1102
00004 1105
00004 1108
00004 1111
00004 1114
00004 1117
00004 1120
00004 1123
00004 1126
00004 1129
00004 1132
00004 1135
00004 1138
00004 1141
00004 1144
00004 1147
00004 1150
00004 1153
00004 1156
00004 1159
00004 1162
00004 1165
00004 1168
00004 1171
00004 1174
00004 1177
00004 1180
00004 1183
00004 1186
00004 1189
00004 1192
00004 1195
00004 1198
00004 1251
00004 1254
00004 1257
00004 1260
00004 1263
00004 1266
00004 1269
00004 1272
00004 1275
00004 1278
00004 1281
00004 1284
00004 1287
00004 1290
00004 1293
00004 1296
00004 1299
00004 1302
00004 1305
00004 1308
00004 1311
00004 1314
00004 1317
00004 1320
00004 1323
00004 1326
00004 1329
00004 1332
00004 1335
00004 1338
00004 1341
00004 1344
00004 1347
00004 1350
00004 1353
00004 1356
00004 1359
00004 1362
00004 1365
00004 1368
00004 1371
00004 1374
00004 1377
00004 1380
00004 1383
00004 1386
00004 1389
00004 1392
00004 1395
00004 1398
00004 1451
00004 1454
00004 1457
00004 1460
00004 1463
00004 1466
00004 1469
00004 1472
00004 1475
00004 1478
00004 1481
00004 1484
00004 1487
00004 1490
00004 1493
00004 1496
00004 1499
00004 1602
00004 1605
00004 1608
00004 1611
00004 1614
00004 1617
00004 1620
00004 1623
00004 1626
00004 1629
00004 1632
00004 1635
00004 1638
00004 1641
00004 1644
00004 1647
00004 1700
00004 1703
00004 1706
00004 1709
00004 1712
00004 1715
00004 1718
00004 1721
00004 1724
00004 1727
00004 1730
00004 1733
00004 1736
00004 1739
00004 1742
00004 1745
00004 1748
00004 1751
00004 1754
00004 1757
00004 1760
00004 1763
00004 1766
00004 1769
00004 1772
00004 1775
00004 1778
00004 1781
00004 1784
00004 1787
00004 1790
00004 1793
00004 1796
00004 1799
00004 1852
00004 1855
00004 1858
00004 1861
00004 1864
00004 1867
00004 1870
00004 1873
00004 1876
00004 1879
00004 1882
00004 1885
00004 1888
00004 1891
00004 1894
00004 1897
00004 1950
00004 1953
00004 1956
00004 1959
00004 1962
00004 1965
00004 1968
00004 1971
00004 1974
00004 1977
00004 1980
00004 1983
00004 1986
00004 1989
00004 1992
00004 1995
00004 1998
